[2025-11-07 06:27:41] Database Connection Failed: SQLSTATE[HY000] [1049] Unknown database 'nic_hostel_grievance'
[2025-11-07 06:27:47] Database Connection Failed: SQLSTATE[HY000] [1049] Unknown database 'nic_hostel_grievance'
[2025-11-07 06:32:54] Error: Invalid API action 
[2025-11-07 06:33:25] Exception: SQLSTATE[42S22]: Column not found: 1054 Unknown column 'created_at' in 'order clause'
[2025-11-07 06:33:31] Exception: SQLSTATE[42S22]: Column not found: 1054 Unknown column 'created_at' in 'order clause'
[2025-11-07 09:01:01] Complaint added by user 1
[2025-11-07 15:59:16] Complaint added by user 1
[2025-11-07 16:48:22] Complaint added by user 2
[2025-11-07 16:49:20] Complaint added by user 3
[2025-11-07 16:49:49] Exception: SQLSTATE[42S22]: Column not found: 1054 Unknown column 'u.phone_numner' in 'field list'
[2025-11-07 16:53:32] Exception: SQLSTATE[42S22]: Column not found: 1054 Unknown column 'u.phone_numner' in 'field list'
[2025-11-07 16:56:40] Exception: SQLSTATE[42S22]: Column not found: 1054 Unknown column 'u.phone_numner' in 'field list'
[2025-11-07 16:58:24] Exception: SQLSTATE[42S22]: Column not found: 1054 Unknown column 'u.phone_numner' in 'field list'
[2025-11-07 17:01:46] Exception: SQLSTATE[42S22]: Column not found: 1054 Unknown column 'u.phone_numner' in 'field list'
[2025-11-07 17:02:46] Error: Invalid API action 
[2025-11-07 17:03:02] Error: Invalid API action action=get_complaints
[2025-11-07 17:03:10] Exception: SQLSTATE[42S22]: Column not found: 1054 Unknown column 'u.phone_numner' in 'field list'
[2025-11-07 17:03:14] Exception: SQLSTATE[42S22]: Column not found: 1054 Unknown column 'u.phone_numner' in 'field list'
[2025-11-08 06:11:07] Exception: SQLSTATE[42S22]: Column not found: 1054 Unknown column 'action_taken_by' in 'field list'
[2025-11-08 06:15:11] Complaint log added for complaint ID 2
[2025-11-08 06:21:02] Complaint log added for complaint ID 2
[2025-11-08 06:40:38] Complaint log added for complaint ID 2
[2025-11-08 06:40:47] Complaint log added for complaint ID 2
[2025-11-08 07:04:25] Complaint log added for complaint ID 2
[2025-11-08 07:04:56] Complaint log added for complaint ID 2
[2025-11-08 07:19:15] Exception: SQLSTATE[42S22]: Column not found: 1054 Unknown column 'created_at' in 'field list'
[2025-11-08 07:20:25] Exception: SQLSTATE[42S22]: Column not found: 1054 Unknown column 'created_at' in 'field list'
